<?xml version="1.0" encoding="UTF-8"?>
<testng-results skipped="0" failed="0" ignored="0" total="1" passed="1">
  <reporter-output>
  </reporter-output>
  <suite name="Default suite" duration-ms="64785" started-at="2020-02-07T15:52:37Z" finished-at="2020-02-07T15:53:42Z">
    <groups>
    </groups>
    <test name="Default test" duration-ms="64785" started-at="2020-02-07T15:52:37Z" finished-at="2020-02-07T15:53:42Z">
      <class name="com.visioit.freecrm.hybridframework.testcases.NewContactPageTest">
        <test-method status="PASS" signature="init()[pri:0, instance:com.visioit.freecrm.hybridframework.testcases.NewContactPageTest@46d56d67]" name="init" is-config="true" duration-ms="476" started-at="2020-02-07T15:52:37Z" finished-at="2020-02-07T15:52:37Z">
          <reporter-output>
          </reporter-output>
        </test-method> <!-- init -->
        <test-method status="PASS" signature="setup()[pri:0, instance:com.visioit.freecrm.hybridframework.testcases.NewContactPageTest@46d56d67]" name="setup" is-config="true" duration-ms="59545" started-at="2020-02-07T15:52:37Z" finished-at="2020-02-07T15:53:37Z">
          <reporter-output>
          </reporter-output>
        </test-method> <!-- setup -->
        <test-method status="PASS" signature="createNewAccountsTest()[pri:0, instance:com.visioit.freecrm.hybridframework.testcases.NewContactPageTest@46d56d67]" name="createNewAccountsTest" duration-ms="4522" started-at="2020-02-07T15:53:37Z" finished-at="2020-02-07T15:53:41Z">
          <reporter-output>
          </reporter-output>
        </test-method> <!-- createNewAccountsTest -->
        <test-method status="PASS" signature="tearDown()[pri:0, instance:com.visioit.freecrm.hybridframework.testcases.NewContactPageTest@46d56d67]" name="tearDown" is-config="true" duration-ms="689" started-at="2020-02-07T15:53:41Z" finished-at="2020-02-07T15:53:42Z">
          <reporter-output>
          </reporter-output>
        </test-method> <!-- tearDown -->
      </class> <!-- com.visioit.freecrm.hybridframework.testcases.NewContactPageTest -->
    </test> <!-- Default test -->
  </suite> <!-- Default suite -->
</testng-results>
